<?xml version="1.0" encoding="UTF-8"?>
<!-- Generated by org.testng.reporters.JUnitReportReporter -->
<testsuite hostname="LP-TZD-0X107094" failures="0" tests="1" name="InputForm.InputForm1" time="19.977" errors="0" timestamp="2023-03-02T18:08:08 IST" skipped="0">
  <testcase classname="InputForm.InputForm1" name="TestGoogle" time="19.977"/>
  <system-out/>
</testsuite> <!-- InputForm.InputForm1 -->
